[0.126s] Invoking command in '/root/ros2_ws/build/diane_point_cloud_transport': CMAKE_PREFIX_PATH=${CMAKE_PREFIX_PATH}:/opt/ros/humble LD_LIBRARY_PATH=/root/ros2_ws/install/lib:/usr/local/lib/python3.8/dist-packages/torch/lib:/usr/local/cuda/lib64:/usr/local/lib/python3.8/dist-packages/torch/lib:/opt/ros/humble/opt/rviz_ogre_vendor/lib:/opt/ros/humble/lib/aarch64-linux-gnu:/opt/ros/humble/lib:/usr/local/cuda/lib64 PYTHONPATH=/root/ros2_ws/install/lib/python3.8/site-packages:/root/ros2_ws/install/lib/python3.9/site-packages:/opt/ros/humble/lib/python3.8/site-packages /usr/bin/cmake --build /root/ros2_ws/build/diane_point_cloud_transport -- -j6 -l6
[1.581s] [35m[1mScanning dependencies of target diane_point_cloud_transport[0m
[8.722s] [ 20%] [32mBuilding CXX object CMakeFiles/diane_point_cloud_transport.dir/src/diane_encoder.cpp.o[0m
[8.787s] [ 40%] [32mBuilding CXX object CMakeFiles/diane_point_cloud_transport.dir/src/diane_publisher.cpp.o[0m
[74.239s] [01m[K/root/ros2_ws/src/point_cloud_transport_plugins-humble/diane_point_cloud_transport/src/diane_encoder.cpp:109:22:[m[K [01;31m[Kerror: [m[Kdefault argument given for parameter 5 of â€˜[01m[Kstd::vector<unsigned char, std::allocator<unsigned char> > encode_diane_multinomial_i16(const at::Tensor&, float, float, float, const std::array<float, 4>&, const std::array<float, 4>&)[m[Kâ€™
[74.255s]   109 | std::vector<uint8_t> [01;31m[Kencode_diane_multinomial_i16[m[K(
[74.267s]       |                      [01;31m[K^~~~~~~~~~~~~~~~~~~~~~~~~~~~[m[K
[74.271s] In file included from [01m[K/root/ros2_ws/src/point_cloud_transport_plugins-humble/diane_point_cloud_transport/src/diane_encoder.cpp:12[m[K:
[74.278s] [01m[K/root/ros2_ws/src/point_cloud_transport_plugins-humble/diane_point_cloud_transport/include/diane_point_cloud_transport/diane_encoder.hpp:26:22:[m[K [01;36m[Knote: [m[Kprevious specification in â€˜[01m[Kstd::vector<unsigned char, std::allocator<unsigned char> > encode_diane_multinomial_i16(const at::Tensor&, float, float, float, const std::array<float, 4>&, const std::array<float, 4>&)[m[Kâ€™ here
[74.278s]    26 | std::vector<uint8_t> [01;36m[Kencode_diane_multinomial_i16[m[K(
[74.279s]       |                      [01;36m[K^~~~~~~~~~~~~~~~~~~~~~~~~~~~[m[K
[74.280s] [01m[K/root/ros2_ws/src/point_cloud_transport_plugins-humble/diane_point_cloud_transport/src/diane_encoder.cpp:109:22:[m[K [01;31m[Kerror: [m[Kdefault argument given for parameter 6 of â€˜[01m[Kstd::vector<unsigned char, std::allocator<unsigned char> > encode_diane_multinomial_i16(const at::Tensor&, float, float, float, const std::array<float, 4>&, const std::array<float, 4>&)[m[Kâ€™
[74.280s]   109 | std::vector<uint8_t> [01;31m[Kencode_diane_multinomial_i16[m[K(
[74.281s]       |                      [01;31m[K^~~~~~~~~~~~~~~~~~~~~~~~~~~~[m[K
[74.282s] In file included from [01m[K/root/ros2_ws/src/point_cloud_transport_plugins-humble/diane_point_cloud_transport/src/diane_encoder.cpp:12[m[K:
[74.283s] [01m[K/root/ros2_ws/src/point_cloud_transport_plugins-humble/diane_point_cloud_transport/include/diane_point_cloud_transport/diane_encoder.hpp:26:22:[m[K [01;36m[Knote: [m[Kprevious specification in â€˜[01m[Kstd::vector<unsigned char, std::allocator<unsigned char> > encode_diane_multinomial_i16(const at::Tensor&, float, float, float, const std::array<float, 4>&, const std::array<float, 4>&)[m[Kâ€™ here
[74.284s]    26 | std::vector<uint8_t> [01;36m[Kencode_diane_multinomial_i16[m[K(
[74.284s]       |                      [01;36m[K^~~~~~~~~~~~~~~~~~~~~~~~~~~~[m[K
[99.621s] make[2]: *** [CMakeFiles/diane_point_cloud_transport.dir/build.make:63: CMakeFiles/diane_point_cloud_transport.dir/src/diane_encoder.cpp.o] Error 1
[99.624s] make[2]: *** Waiting for unfinished jobs....
[129.678s] make[1]: *** [CMakeFiles/Makefile2:78: CMakeFiles/diane_point_cloud_transport.dir/all] Error 2
[129.680s] make: *** [Makefile:141: all] Error 2
[129.752s] Invoked command in '/root/ros2_ws/build/diane_point_cloud_transport' returned '2': CMAKE_PREFIX_PATH=${CMAKE_PREFIX_PATH}:/opt/ros/humble LD_LIBRARY_PATH=/root/ros2_ws/install/lib:/usr/local/lib/python3.8/dist-packages/torch/lib:/usr/local/cuda/lib64:/usr/local/lib/python3.8/dist-packages/torch/lib:/opt/ros/humble/opt/rviz_ogre_vendor/lib:/opt/ros/humble/lib/aarch64-linux-gnu:/opt/ros/humble/lib:/usr/local/cuda/lib64 PYTHONPATH=/root/ros2_ws/install/lib/python3.8/site-packages:/root/ros2_ws/install/lib/python3.9/site-packages:/opt/ros/humble/lib/python3.8/site-packages /usr/bin/cmake --build /root/ros2_ws/build/diane_point_cloud_transport -- -j6 -l6
